Temp/gradleOut/unityLibrary/build/intermediates/manifest_merge_blame_file/release/manifest-merger-blame-release-report.txt
1<?xml version="1.0" encoding="utf-8"?>
2<!-- GENERATED BY UNITY. REMOVE THIS COMMENT TO PREVENT OVERWRITING WHEN EXPORTING AGAIN -->
3<manifest xmlns:android="http://schemas.android.com/apk/res/android"
4    xmlns:tools="http://schemas.android.com/tools"
5    package="com.unity3d.player"
6    android:installLocation="auto"
7    android:versionCode="1"
8    android:versionName="0.1" >
9
10    <uses-sdk
11        android:minSdkVersion="23"
11-->src/main/AndroidManifest.xml
12        android:targetSdkVersion="30" />
12-->src/main/AndroidManifest.xml
13
14    <uses-feature android:glEsVersion="0x00030000" />
14-->src/main/AndroidManifest.xml:26:3-52
14-->src/main/AndroidManifest.xml:26:17-49
15
16    <supports-gl-texture android:name="GL_KHR_texture_compression_astc_ldr" />
16-->src/main/AndroidManifest.xml:27:3-77
16-->src/main/AndroidManifest.xml:27:24-74
17
18    <uses-permission android:name="android.permission.INTERNET" />
18-->src/main/AndroidManifest.xml:28:3-65
18-->src/main/AndroidManifest.xml:28:20-62
19    <uses-permission android:name="android.permission.RECORD_AUDIO" />
19-->src/main/AndroidManifest.xml:29:3-69
19-->src/main/AndroidManifest.xml:29:20-66
20    <uses-permission android:name="android.permission.MODIFY_AUDIO_SETTINGS" />
20-->src/main/AndroidManifest.xml:30:3-78
20-->src/main/AndroidManifest.xml:30:20-75
21
22    <uses-feature
22-->src/main/AndroidManifest.xml:31:3-87
23        android:name="android.hardware.microphone"
23-->src/main/AndroidManifest.xml:31:17-59
24        android:required="false" />
24-->src/main/AndroidManifest.xml:31:60-84
25    <uses-feature
25-->src/main/AndroidManifest.xml:32:3-88
26        android:name="android.hardware.touchscreen"
26-->src/main/AndroidManifest.xml:32:17-60
27        android:required="false" />
27-->src/main/AndroidManifest.xml:32:61-85
28    <uses-feature
28-->src/main/AndroidManifest.xml:33:3-99
29        android:name="android.hardware.touchscreen.multitouch"
29-->src/main/AndroidManifest.xml:33:17-71
30        android:required="false" />
30-->src/main/AndroidManifest.xml:33:72-96
31    <uses-feature
31-->src/main/AndroidManifest.xml:34:3-108
32        android:name="android.hardware.touchscreen.multitouch.distinct"
32-->src/main/AndroidManifest.xml:34:17-80
33        android:required="false" />
33-->src/main/AndroidManifest.xml:34:81-105
34    <uses-feature
34-->src/main/AndroidManifest.xml:35:3-111
35        android:name="android.hardware.vr.headtracking"
35-->src/main/AndroidManifest.xml:35:17-64
36        android:required="true"
36-->src/main/AndroidManifest.xml:35:85-108
37        android:version="1" />
37-->src/main/AndroidManifest.xml:35:65-84
38    <uses-feature
38-->src/main/AndroidManifest.xml:36:3-88
39        android:name="oculus.software.handtracking"
39-->src/main/AndroidManifest.xml:36:17-60
40        android:required="false" />
40-->src/main/AndroidManifest.xml:36:61-85
41
42    <uses-permission android:name="com.oculus.permission.HAND_TRACKING" />
42-->src/main/AndroidManifest.xml:37:3-73
42-->src/main/AndroidManifest.xml:37:20-70
43
44    <application
44-->src/main/AndroidManifest.xml:4:3-25:17
45        android:allowBackup="false"
45-->src/main/AndroidManifest.xml:4:81-108
46        android:icon="@mipmap/app_icon"
46-->src/main/AndroidManifest.xml:4:49-80
47        android:label="@string/app_name"
47-->src/main/AndroidManifest.xml:4:16-48
48        android:networkSecurityConfig="@xml/network_sec_config" >
48-->src/main/AndroidManifest.xml:4:109-164
49        <activity
49-->src/main/AndroidManifest.xml:5:5-14:16
50            android:name="com.unity3d.player.UnityPlayerActivity"
50-->src/main/AndroidManifest.xml:5:15-68
51            android:configChanges="keyboard|keyboardHidden|navigation|orientation|screenLayout|screenSize|uiMode"
51-->src/main/AndroidManifest.xml:5:204-305
52            android:hardwareAccelerated="false"
52-->src/main/AndroidManifest.xml:5:341-376
53            android:launchMode="singleTask"
53-->src/main/AndroidManifest.xml:5:172-203
54            android:resizeableActivity="false"
54-->src/main/AndroidManifest.xml:5:306-340
55            android:screenOrientation="landscape"
55-->src/main/AndroidManifest.xml:5:134-171
56            android:theme="@android:style/Theme.Black.NoTitleBar.Fullscreen" >
56-->src/main/AndroidManifest.xml:5:69-133
57            <intent-filter>
57-->src/main/AndroidManifest.xml:6:7-10:23
58                <action android:name="android.intent.action.MAIN" />
58-->src/main/AndroidManifest.xml:7:9-61
58-->src/main/AndroidManifest.xml:7:17-58
59
60                <category android:name="android.intent.category.LAUNCHER" />
60-->src/main/AndroidManifest.xml:8:9-69
60-->src/main/AndroidManifest.xml:8:19-66
61                <category android:name="com.oculus.intent.category.VR" />
61-->src/main/AndroidManifest.xml:9:9-66
61-->src/main/AndroidManifest.xml:9:19-63
62            </intent-filter>
63
64            <meta-data
64-->src/main/AndroidManifest.xml:11:7-82
65                android:name="unityplayer.UnityActivity"
65-->src/main/AndroidManifest.xml:11:18-58
66                android:value="true" />
66-->src/main/AndroidManifest.xml:11:59-79
67            <meta-data
67-->src/main/AndroidManifest.xml:12:7-78
68                android:name="android.notch_support"
68-->src/main/AndroidManifest.xml:12:18-54
69                android:value="true" />
69-->src/main/AndroidManifest.xml:12:55-75
70            <meta-data
70-->src/main/AndroidManifest.xml:13:7-81
71                android:name="com.oculus.vr.focusaware"
71-->src/main/AndroidManifest.xml:13:18-57
72                android:value="true" />
72-->src/main/AndroidManifest.xml:13:58-78
73        </activity>
74
75        <meta-data
75-->src/main/AndroidManifest.xml:15:5-69
76            android:name="unity.splash-mode"
76-->src/main/AndroidManifest.xml:15:16-48
77            android:value="0" />
77-->src/main/AndroidManifest.xml:15:49-66
78        <meta-data
78-->src/main/AndroidManifest.xml:16:5-74
79            android:name="unity.splash-enable"
79-->src/main/AndroidManifest.xml:16:16-50
80            android:value="True" />
80-->src/main/AndroidManifest.xml:16:51-71
81        <meta-data
81-->src/main/AndroidManifest.xml:17:5-84
82            android:name="unity.allow-resizable-window"
82-->src/main/AndroidManifest.xml:17:16-59
83            android:value="False" />
83-->src/main/AndroidManifest.xml:17:60-81
84        <meta-data
84-->src/main/AndroidManifest.xml:18:5-81
85            android:name="notch.config"
85-->src/main/AndroidManifest.xml:18:16-43
86            android:value="portrait|landscape" />
86-->src/main/AndroidManifest.xml:18:44-78
87        <meta-data
87-->src/main/AndroidManifest.xml:19:5-101
88            android:name="unity.build-id"
88-->src/main/AndroidManifest.xml:19:16-45
89            android:value="94c6247a-90d6-4bbe-ab2c-075f2388f69b" />
89-->src/main/AndroidManifest.xml:19:46-98
90        <meta-data
90-->src/main/AndroidManifest.xml:20:5-88
91            android:name="com.oculus.handtracking.frequency"
91-->src/main/AndroidManifest.xml:20:16-64
92            android:value="HIGH" />
92-->src/main/AndroidManifest.xml:20:65-85
93        <meta-data
93-->src/main/AndroidManifest.xml:21:5-86
94            android:name="com.oculus.handtracking.version"
94-->src/main/AndroidManifest.xml:21:16-62
95            android:value="V2.0" />
95-->src/main/AndroidManifest.xml:21:63-83
96        <meta-data
96-->src/main/AndroidManifest.xml:22:5-97
97            android:name="com.samsung.android.vr.application.mode"
97-->src/main/AndroidManifest.xml:22:16-70
98            android:value="vr_only" />
98-->src/main/AndroidManifest.xml:22:71-94
99        <meta-data
99-->src/main/AndroidManifest.xml:23:5-91
100            android:name="com.unity.xr.oculus.LowOverheadMode"
100-->src/main/AndroidManifest.xml:23:16-66
101            android:value="false" />
101-->src/main/AndroidManifest.xml:23:67-88
102        <meta-data
102-->src/main/AndroidManifest.xml:24:5-90
103            android:name="com.oculus.supportedDevices"
103-->src/main/AndroidManifest.xml:24:16-58
104            android:value="quest|quest2" />
104-->src/main/AndroidManifest.xml:24:59-87
105    </application>
106
107</manifest>